<?xml version="1.0" encoding="utf-8"?><testsuites name="pytest tests"><testsuite name="pytest" errors="0" failures="0" skipped="0" tests="13" time="3.148" timestamp="2026-02-19T01:13:18.279971+00:00" hostname="agent-env-3e910dfa-51f2-4d8b-be20-819a8fcd0dcd"><testcase classname="backend.tests.test_templates_api.TestHealthCheck" name="test_api_root" time="0.262" /><testcase classname="backend.tests.test_templates_api.TestDashboardStats" name="test_dashboard_stats" time="0.140" /><testcase classname="backend.tests.test_templates_api.TestSchedulerStatus" name="test_scheduler_status" time="0.167" /><testcase classname="backend.tests.test_templates_api.TestTemplatesAPI" name="test_list_templates" time="0.126" /><testcase classname="backend.tests.test_templates_api.TestTemplatesAPI" name="test_create_template" time="0.422" /><testcase classname="backend.tests.test_templates_api.TestTemplatesAPI" name="test_update_template" time="0.485" /><testcase classname="backend.tests.test_templates_api.TestTemplatesAPI" name="test_delete_template" time="0.506" /><testcase classname="backend.tests.test_templates_api.TestTemplateApplyToDevices" name="test_apply_template_to_devices" time="0.237" /><testcase classname="backend.tests.test_templates_api.TestTemplateApplyToDevices" name="test_apply_nonexistent_template" time="0.132" /><testcase classname="backend.tests.test_templates_api.TestAlertsAPI" name="test_list_alerts" time="0.159" /><testcase classname="backend.tests.test_templates_api.TestDevicesAPI" name="test_list_devices" time="0.186" /><testcase classname="backend.tests.test_templates_api.TestCategoriesAPI" name="test_list_categories" time="0.136" /><testcase classname="backend.tests.test_templates_api.TestCategoriesAPI" name="test_category_stats" time="0.117" /></testsuite></testsuites>